Analysis & Synthesis report for COD-serial
Wed Nov 16 10:10:58 2022
Quartus Prime Version 20.1.1 Build 720 11/11/2020 SJ Lite Edition


---------------------
; Table of Contents ;
---------------------
  1. Legal Notice
  2. Analysis & Synthesis Summary
  3. Analysis & Synthesis Settings
  4. Parallel Compilation
  5. Analysis & Synthesis Source Files Read
  6. Analysis & Synthesis Resource Usage Summary
  7. Analysis & Synthesis Resource Utilization by Entity
  8. General Register Statistics
  9. Multiplexer Restructuring Statistics (Restructuring Performed)
 10. Parameter Settings for User Entity Instance: control_unit:block_control_unit|ROM:Block_ROM
 11. Port Connectivity Checks: "flipFlopD:block_ffD"
 12. Post-Synthesis Netlist Statistics for Top Partition
 13. Elapsed Time Per Partition
 14. Analysis & Synthesis Messages



----------------
; Legal Notice ;
----------------
Copyright (C) 2020  Intel Corporation. All rights reserved.
Your use of Intel Corporation's design tools, logic functions 
and other software and tools, and any partner logic 
functions, and any output files from any of the foregoing 
(including device programming or simulation files), and any 
associated documentation or information are expressly subject 
to the terms and conditions of the Intel Program License 
Subscription Agreement, the Intel Quartus Prime License Agreement,
the Intel FPGA IP License Agreement, or other applicable license
agreement, including, without limitation, that your use is for
the sole purpose of programming logic devices manufactured by
Intel and sold by Intel or its authorized distributors.  Please
refer to the applicable agreement for further details, at
https://fpgasoftware.intel.com/eula.



+----------------------------------------------------------------------------------+
; Analysis & Synthesis Summary                                                     ;
+------------------------------------+---------------------------------------------+
; Analysis & Synthesis Status        ; Successful - Wed Nov 16 10:10:58 2022       ;
; Quartus Prime Version              ; 20.1.1 Build 720 11/11/2020 SJ Lite Edition ;
; Revision Name                      ; COD-serial                                  ;
; Top-level Entity Name              ; serial_encoder                              ;
; Family                             ; Cyclone IV GX                               ;
; Total logic elements               ; 29                                          ;
;     Total combinational functions  ; 28                                          ;
;     Dedicated logic registers      ; 12                                          ;
; Total registers                    ; 12                                          ;
; Total pins                         ; 11                                          ;
; Total virtual pins                 ; 0                                           ;
; Total memory bits                  ; 0                                           ;
; Embedded Multiplier 9-bit elements ; 0                                           ;
; Total GXB Receiver Channel PCS     ; 0                                           ;
; Total GXB Receiver Channel PMA     ; 0                                           ;
; Total GXB Transmitter Channel PCS  ; 0                                           ;
; Total GXB Transmitter Channel PMA  ; 0                                           ;
; Total PLLs                         ; 0                                           ;
+------------------------------------+---------------------------------------------+


+------------------------------------------------------------------------------------------------------------+
; Analysis & Synthesis Settings                                                                              ;
+------------------------------------------------------------------+--------------------+--------------------+
; Option                                                           ; Setting            ; Default Value      ;
+------------------------------------------------------------------+--------------------+--------------------+
; Top-level entity name                                            ; serial_encoder     ; COD-serial         ;
; Family name                                                      ; Cyclone IV GX      ; Cyclone V          ;
; Use smart compilation                                            ; Off                ; Off                ;
; Enable parallel Assembler and Timing Analyzer during compilation ; On                 ; On                 ;
; Enable compact report table                                      ; Off                ; Off                ;
; Restructure Multiplexers                                         ; Auto               ; Auto               ;
; Create Debugging Nodes for IP Cores                              ; Off                ; Off                ;
; Preserve fewer node names                                        ; On                 ; On                 ;
; Intel FPGA IP Evaluation Mode                                    ; Enable             ; Enable             ;
; Verilog Version                                                  ; Verilog_2001       ; Verilog_2001       ;
; VHDL Version                                                     ; VHDL_1993          ; VHDL_1993          ;
; State Machine Processing                                         ; Auto               ; Auto               ;
; Safe State Machine                                               ; Off                ; Off                ;
; Extract Verilog State Machines                                   ; On                 ; On                 ;
; Extract VHDL State Machines                                      ; On                 ; On                 ;
; Ignore Verilog initial constructs                                ; Off                ; Off                ;
; Iteration limit for constant Verilog loops                       ; 5000               ; 5000               ;
; Iteration limit for non-constant Verilog loops                   ; 250                ; 250                ;
; Add Pass-Through Logic to Inferred RAMs                          ; On                 ; On                 ;
; Infer RAMs from Raw Logic                                        ; On                 ; On                 ;
; Parallel Synthesis                                               ; On                 ; On                 ;
; DSP Block Balancing                                              ; Auto               ; Auto               ;
; NOT Gate Push-Back                                               ; On                 ; On                 ;
; Power-Up Don't Care                                              ; On                 ; On                 ;
; Remove Redundant Logic Cells                                     ; Off                ; Off                ;
; Remove Duplicate Registers                                       ; On                 ; On                 ;
; Ignore CARRY Buffers                                             ; Off                ; Off                ;
; Ignore CASCADE Buffers                                           ; Off                ; Off                ;
; Ignore GLOBAL Buffers                                            ; Off                ; Off                ;
; Ignore ROW GLOBAL Buffers                                        ; Off                ; Off                ;
; Ignore LCELL Buffers                                             ; Off                ; Off                ;
; Ignore SOFT Buffers                                              ; On                 ; On                 ;
; Limit AHDL Integers to 32 Bits                                   ; Off                ; Off                ;
; Optimization Technique                                           ; Balanced           ; Balanced           ;
; Carry Chain Length                                               ; 70                 ; 70                 ;
; Auto Carry Chains                                                ; On                 ; On                 ;
; Auto Open-Drain Pins                                             ; On                 ; On                 ;
; Perform WYSIWYG Primitive Resynthesis                            ; Off                ; Off                ;
; Auto ROM Replacement                                             ; On                 ; On                 ;
; Auto RAM Replacement                                             ; On                 ; On                 ;
; Auto DSP Block Replacement                                       ; On                 ; On                 ;
; Auto Shift Register Replacement                                  ; Auto               ; Auto               ;
; Allow Shift Register Merging across Hierarchies                  ; Auto               ; Auto               ;
; Auto Clock Enable Replacement                                    ; On                 ; On                 ;
; Strict RAM Replacement                                           ; Off                ; Off                ;
; Allow Synchronous Control Signals                                ; On                 ; On                 ;
; Force Use of Synchronous Clear Signals                           ; Off                ; Off                ;
; Auto RAM Block Balancing                                         ; On                 ; On                 ;
; Auto RAM to Logic Cell Conversion                                ; Off                ; Off                ;
; Auto Resource Sharing                                            ; Off                ; Off                ;
; Allow Any RAM Size For Recognition                               ; Off                ; Off                ;
; Allow Any ROM Size For Recognition                               ; Off                ; Off                ;
; Allow Any Shift Register Size For Recognition                    ; Off                ; Off                ;
; Use LogicLock Constraints during Resource Balancing              ; On                 ; On                 ;
; Ignore translate_off and synthesis_off directives                ; Off                ; Off                ;
; Timing-Driven Synthesis                                          ; On                 ; On                 ;
; Report Parameter Settings                                        ; On                 ; On                 ;
; Report Source Assignments                                        ; On                 ; On                 ;
; Report Connectivity Checks                                       ; On                 ; On                 ;
; Ignore Maximum Fan-Out Assignments                               ; Off                ; Off                ;
; Synchronization Register Chain Length                            ; 2                  ; 2                  ;
; Power Optimization During Synthesis                              ; Normal compilation ; Normal compilation ;
; HDL message level                                                ; Level2             ; Level2             ;
; Suppress Register Optimization Related Messages                  ; Off                ; Off                ;
; Number of Removed Registers Reported in Synthesis Report         ; 5000               ; 5000               ;
; Number of Swept Nodes Reported in Synthesis Report               ; 5000               ; 5000               ;
; Number of Inverted Registers Reported in Synthesis Report        ; 100                ; 100                ;
; Clock MUX Protection                                             ; On                 ; On                 ;
; Auto Gated Clock Conversion                                      ; Off                ; Off                ;
; Block Design Naming                                              ; Auto               ; Auto               ;
; SDC constraint protection                                        ; Off                ; Off                ;
; Synthesis Effort                                                 ; Auto               ; Auto               ;
; Shift Register Replacement - Allow Asynchronous Clear Signal     ; On                 ; On                 ;
; Pre-Mapping Resynthesis Optimization                             ; Off                ; Off                ;
; Analysis & Synthesis Message Level                               ; Medium             ; Medium             ;
; Disable Register Merging Across Hierarchies                      ; Auto               ; Auto               ;
; Resource Aware Inference For Block RAM                           ; On                 ; On                 ;
+------------------------------------------------------------------+--------------------+--------------------+


+------------------------------------------+
; Parallel Compilation                     ;
+----------------------------+-------------+
; Processors                 ; Number      ;
+----------------------------+-------------+
; Number detected on machine ; 8           ;
; Maximum allowed            ; 4           ;
;                            ;             ;
; Average used               ; 1.00        ;
; Maximum used               ; 4           ;
;                            ;             ;
; Usage by Processor         ; % Time Used ;
;     Processor 1            ; 100.0%      ;
;     Processors 2-4         ;   0.0%      ;
+----------------------------+-------------+


+---------------------------------------------------------------------------------------------------------------------------------------------+
; Analysis & Synthesis Source Files Read                                                                                                      ;
+----------------------------------+-----------------+-----------------+------------------------------------------------------------+---------+
; File Name with User-Entered Path ; Used in Netlist ; File Type       ; File Name with Absolute Path                               ; Library ;
+----------------------------------+-----------------+-----------------+------------------------------------------------------------+---------+
; xor_1bit.vhd                     ; yes             ; User VHDL File  ; C:/Users/bruno/Desktop/AAD/HAD_T1G6/COD/xor_1bit.vhd       ;         ;
; serial_encoder.vhd               ; yes             ; User VHDL File  ; C:/Users/bruno/Desktop/AAD/HAD_T1G6/COD/serial_encoder.vhd ;         ;
; ROM.vhd                          ; yes             ; User VHDL File  ; C:/Users/bruno/Desktop/AAD/HAD_T1G6/COD/ROM.vhd            ;         ;
; flipFlopD.vhd                    ; yes             ; User VHDL File  ; C:/Users/bruno/Desktop/AAD/HAD_T1G6/COD/flipFlopD.vhd      ;         ;
; counter_3bit.vhd                 ; yes             ; User VHDL File  ; C:/Users/bruno/Desktop/AAD/HAD_T1G6/COD/counter_3bit.vhd   ;         ;
; control_unit.vhd                 ; yes             ; User VHDL File  ; C:/Users/bruno/Desktop/AAD/HAD_T1G6/COD/control_unit.vhd   ;         ;
; calc_y.vhd                       ; yes             ; User VHDL File  ; C:/Users/bruno/Desktop/AAD/HAD_T1G6/COD/calc_y.vhd         ;         ;
; and_1bit.vhd                     ; yes             ; User VHDL File  ; C:/Users/bruno/Desktop/AAD/HAD_T1G6/COD/and_1bit.vhd       ;         ;
+----------------------------------+-----------------+-----------------+------------------------------------------------------------+---------+


+--------------------------------------------------------------------------------------------------+
; Analysis & Synthesis Resource Usage Summary                                                      ;
+--------------------------+-----------------------------------------------------------------------+
; Resource                 ; Usage                                                                 ;
+--------------------------+-----------------------------------------------------------------------+
; I/O pins                 ; 11                                                                    ;
;                          ;                                                                       ;
; DSP block 9-bit elements ; 0                                                                     ;
;                          ;                                                                       ;
; Maximum fan-out node     ; control_unit:block_control_unit|counter_3bit:Block_Counter|s_count[0] ;
; Maximum fan-out          ; 20                                                                    ;
; Total fan-out            ; 152                                                                   ;
; Average fan-out          ; 2.45                                                                  ;
+--------------------------+-----------------------------------------------------------------------+


+------------------------------------------------------------------------------------------------------------------------------------------------------------------------------------------------------------------------------------------------------------------------------------------+
; Analysis & Synthesis Resource Utilization by Entity                                                                                                                                                                                                                                      ;
+--------------------------------------+---------------------+---------------------------+-------------+--------------+---------+-----------+-----------+------+--------------+----------------------------------------------------------------------------+----------------+--------------+
; Compilation Hierarchy Node           ; Combinational ALUTs ; Dedicated Logic Registers ; Memory Bits ; DSP Elements ; DSP 9x9 ; DSP 18x18 ; DSP 36x36 ; Pins ; Virtual Pins ; Full Hierarchy Name                                                        ; Entity Name    ; Library Name ;
+--------------------------------------+---------------------+---------------------------+-------------+--------------+---------+-----------+-----------+------+--------------+----------------------------------------------------------------------------+----------------+--------------+
; |serial_encoder                      ; 28 (0)              ; 12 (0)                    ; 0           ; 0            ; 0       ; 0         ; 0         ; 11   ; 0            ; |serial_encoder                                                            ; serial_encoder ; work         ;
;    |calc_y:block_calc_y0|            ; 2 (0)               ; 1 (0)                     ; 0           ; 0            ; 0       ; 0         ; 0         ; 0    ; 0            ; |serial_encoder|calc_y:block_calc_y0                                       ; calc_y         ; work         ;
;       |and_1bit:BLOCK_AND|           ; 1 (1)               ; 0 (0)                     ; 0           ; 0            ; 0       ; 0         ; 0         ; 0    ; 0            ; |serial_encoder|calc_y:block_calc_y0|and_1bit:BLOCK_AND                    ; and_1bit       ; work         ;
;       |flipFlopD:Block1_flipFlopD|   ; 1 (1)               ; 1 (1)                     ; 0           ; 0            ; 0       ; 0         ; 0         ; 0    ; 0            ; |serial_encoder|calc_y:block_calc_y0|flipFlopD:Block1_flipFlopD            ; flipFlopD      ; work         ;
;    |calc_y:block_calc_y1|            ; 3 (0)               ; 1 (0)                     ; 0           ; 0            ; 0       ; 0         ; 0         ; 0    ; 0            ; |serial_encoder|calc_y:block_calc_y1                                       ; calc_y         ; work         ;
;       |and_1bit:BLOCK_AND|           ; 1 (1)               ; 0 (0)                     ; 0           ; 0            ; 0       ; 0         ; 0         ; 0    ; 0            ; |serial_encoder|calc_y:block_calc_y1|and_1bit:BLOCK_AND                    ; and_1bit       ; work         ;
;       |and_1bit:mi_and_kx|           ; 1 (1)               ; 0 (0)                     ; 0           ; 0            ; 0       ; 0         ; 0         ; 0    ; 0            ; |serial_encoder|calc_y:block_calc_y1|and_1bit:mi_and_kx                    ; and_1bit       ; work         ;
;       |flipFlopD:Block1_flipFlopD|   ; 1 (1)               ; 1 (1)                     ; 0           ; 0            ; 0       ; 0         ; 0         ; 0    ; 0            ; |serial_encoder|calc_y:block_calc_y1|flipFlopD:Block1_flipFlopD            ; flipFlopD      ; work         ;
;    |calc_y:block_calc_y2|            ; 3 (0)               ; 1 (0)                     ; 0           ; 0            ; 0       ; 0         ; 0         ; 0    ; 0            ; |serial_encoder|calc_y:block_calc_y2                                       ; calc_y         ; work         ;
;       |and_1bit:BLOCK_AND|           ; 1 (1)               ; 0 (0)                     ; 0           ; 0            ; 0       ; 0         ; 0         ; 0    ; 0            ; |serial_encoder|calc_y:block_calc_y2|and_1bit:BLOCK_AND                    ; and_1bit       ; work         ;
;       |and_1bit:mi_and_kx|           ; 1 (1)               ; 0 (0)                     ; 0           ; 0            ; 0       ; 0         ; 0         ; 0    ; 0            ; |serial_encoder|calc_y:block_calc_y2|and_1bit:mi_and_kx                    ; and_1bit       ; work         ;
;       |flipFlopD:Block1_flipFlopD|   ; 1 (1)               ; 1 (1)                     ; 0           ; 0            ; 0       ; 0         ; 0         ; 0    ; 0            ; |serial_encoder|calc_y:block_calc_y2|flipFlopD:Block1_flipFlopD            ; flipFlopD      ; work         ;
;    |calc_y:block_calc_y3|            ; 3 (0)               ; 1 (0)                     ; 0           ; 0            ; 0       ; 0         ; 0         ; 0    ; 0            ; |serial_encoder|calc_y:block_calc_y3                                       ; calc_y         ; work         ;
;       |and_1bit:BLOCK_AND|           ; 1 (1)               ; 0 (0)                     ; 0           ; 0            ; 0       ; 0         ; 0         ; 0    ; 0            ; |serial_encoder|calc_y:block_calc_y3|and_1bit:BLOCK_AND                    ; and_1bit       ; work         ;
;       |and_1bit:mi_and_kx|           ; 1 (1)               ; 0 (0)                     ; 0           ; 0            ; 0       ; 0         ; 0         ; 0    ; 0            ; |serial_encoder|calc_y:block_calc_y3|and_1bit:mi_and_kx                    ; and_1bit       ; work         ;
;       |flipFlopD:Block1_flipFlopD|   ; 1 (1)               ; 1 (1)                     ; 0           ; 0            ; 0       ; 0         ; 0         ; 0    ; 0            ; |serial_encoder|calc_y:block_calc_y3|flipFlopD:Block1_flipFlopD            ; flipFlopD      ; work         ;
;    |calc_y:block_calc_y4|            ; 3 (0)               ; 1 (0)                     ; 0           ; 0            ; 0       ; 0         ; 0         ; 0    ; 0            ; |serial_encoder|calc_y:block_calc_y4                                       ; calc_y         ; work         ;
;       |and_1bit:BLOCK_AND|           ; 1 (1)               ; 0 (0)                     ; 0           ; 0            ; 0       ; 0         ; 0         ; 0    ; 0            ; |serial_encoder|calc_y:block_calc_y4|and_1bit:BLOCK_AND                    ; and_1bit       ; work         ;
;       |and_1bit:mi_and_kx|           ; 1 (1)               ; 0 (0)                     ; 0           ; 0            ; 0       ; 0         ; 0         ; 0    ; 0            ; |serial_encoder|calc_y:block_calc_y4|and_1bit:mi_and_kx                    ; and_1bit       ; work         ;
;       |flipFlopD:Block1_flipFlopD|   ; 1 (1)               ; 1 (1)                     ; 0           ; 0            ; 0       ; 0         ; 0         ; 0    ; 0            ; |serial_encoder|calc_y:block_calc_y4|flipFlopD:Block1_flipFlopD            ; flipFlopD      ; work         ;
;    |calc_y:block_calc_y5|            ; 3 (0)               ; 1 (0)                     ; 0           ; 0            ; 0       ; 0         ; 0         ; 0    ; 0            ; |serial_encoder|calc_y:block_calc_y5                                       ; calc_y         ; work         ;
;       |and_1bit:BLOCK_AND|           ; 1 (1)               ; 0 (0)                     ; 0           ; 0            ; 0       ; 0         ; 0         ; 0    ; 0            ; |serial_encoder|calc_y:block_calc_y5|and_1bit:BLOCK_AND                    ; and_1bit       ; work         ;
;       |and_1bit:mi_and_kx|           ; 1 (1)               ; 0 (0)                     ; 0           ; 0            ; 0       ; 0         ; 0         ; 0    ; 0            ; |serial_encoder|calc_y:block_calc_y5|and_1bit:mi_and_kx                    ; and_1bit       ; work         ;
;       |flipFlopD:Block1_flipFlopD|   ; 1 (1)               ; 1 (1)                     ; 0           ; 0            ; 0       ; 0         ; 0         ; 0    ; 0            ; |serial_encoder|calc_y:block_calc_y5|flipFlopD:Block1_flipFlopD            ; flipFlopD      ; work         ;
;    |calc_y:block_calc_y6|            ; 3 (0)               ; 1 (0)                     ; 0           ; 0            ; 0       ; 0         ; 0         ; 0    ; 0            ; |serial_encoder|calc_y:block_calc_y6                                       ; calc_y         ; work         ;
;       |and_1bit:BLOCK_AND|           ; 1 (1)               ; 0 (0)                     ; 0           ; 0            ; 0       ; 0         ; 0         ; 0    ; 0            ; |serial_encoder|calc_y:block_calc_y6|and_1bit:BLOCK_AND                    ; and_1bit       ; work         ;
;       |and_1bit:mi_and_kx|           ; 1 (1)               ; 0 (0)                     ; 0           ; 0            ; 0       ; 0         ; 0         ; 0    ; 0            ; |serial_encoder|calc_y:block_calc_y6|and_1bit:mi_and_kx                    ; and_1bit       ; work         ;
;       |flipFlopD:Block1_flipFlopD|   ; 1 (1)               ; 1 (1)                     ; 0           ; 0            ; 0       ; 0         ; 0         ; 0    ; 0            ; |serial_encoder|calc_y:block_calc_y6|flipFlopD:Block1_flipFlopD            ; flipFlopD      ; work         ;
;    |calc_y:block_calc_y7|            ; 4 (1)               ; 1 (0)                     ; 0           ; 0            ; 0       ; 0         ; 0         ; 0    ; 0            ; |serial_encoder|calc_y:block_calc_y7                                       ; calc_y         ; work         ;
;       |and_1bit:BLOCK_AND|           ; 1 (1)               ; 0 (0)                     ; 0           ; 0            ; 0       ; 0         ; 0         ; 0    ; 0            ; |serial_encoder|calc_y:block_calc_y7|and_1bit:BLOCK_AND                    ; and_1bit       ; work         ;
;       |and_1bit:mi_and_kx|           ; 1 (1)               ; 0 (0)                     ; 0           ; 0            ; 0       ; 0         ; 0         ; 0    ; 0            ; |serial_encoder|calc_y:block_calc_y7|and_1bit:mi_and_kx                    ; and_1bit       ; work         ;
;       |flipFlopD:Block1_flipFlopD|   ; 1 (1)               ; 1 (1)                     ; 0           ; 0            ; 0       ; 0         ; 0         ; 0    ; 0            ; |serial_encoder|calc_y:block_calc_y7|flipFlopD:Block1_flipFlopD            ; flipFlopD      ; work         ;
;    |control_unit:block_control_unit| ; 4 (0)               ; 3 (0)                     ; 0           ; 0            ; 0       ; 0         ; 0         ; 0    ; 0            ; |serial_encoder|control_unit:block_control_unit                            ; control_unit   ; work         ;
;       |ROM:Block_ROM|                ; 1 (1)               ; 0 (0)                     ; 0           ; 0            ; 0       ; 0         ; 0         ; 0    ; 0            ; |serial_encoder|control_unit:block_control_unit|ROM:Block_ROM              ; ROM            ; work         ;
;       |counter_3bit:Block_Counter|   ; 3 (3)               ; 3 (3)                     ; 0           ; 0            ; 0       ; 0         ; 0         ; 0    ; 0            ; |serial_encoder|control_unit:block_control_unit|counter_3bit:Block_Counter ; counter_3bit   ; work         ;
;    |flipFlopD:block_ffD|             ; 0 (0)               ; 1 (1)                     ; 0           ; 0            ; 0       ; 0         ; 0         ; 0    ; 0            ; |serial_encoder|flipFlopD:block_ffD                                        ; flipFlopD      ; work         ;
+--------------------------------------+---------------------+---------------------------+-------------+--------------+---------+-----------+-----------+------+--------------+----------------------------------------------------------------------------+----------------+--------------+
Note: For table entries with two numbers listed, the numbers in parentheses indicate the number of resources of the given type used by the specific entity alone. The numbers listed outside of parentheses indicate the total resources of the given type used by the specific entity and all of its sub-entities in the hierarchy.


+------------------------------------------------------+
; General Register Statistics                          ;
+----------------------------------------------+-------+
; Statistic                                    ; Value ;
+----------------------------------------------+-------+
; Total registers                              ; 12    ;
; Number of registers using Synchronous Clear  ; 0     ;
; Number of registers using Synchronous Load   ; 0     ;
; Number of registers using Asynchronous Clear ; 0     ;
; Number of registers using Asynchronous Load  ; 0     ;
; Number of registers using Clock Enable       ; 0     ;
; Number of registers using Preset             ; 0     ;
+----------------------------------------------+-------+


+---------------------------------------------------------------------------------------------------------------------------------------------------------------------------------+
; Multiplexer Restructuring Statistics (Restructuring Performed)                                                                                                                  ;
+--------------------+-----------+---------------+----------------------+------------------------+------------+-------------------------------------------------------------------+
; Multiplexer Inputs ; Bus Width ; Baseline Area ; Area if Restructured ; Saving if Restructured ; Registered ; Example Multiplexer Output                                        ;
+--------------------+-----------+---------------+----------------------+------------------------+------------+-------------------------------------------------------------------+
; 3:1                ; 8 bits    ; 16 LEs        ; 8 LEs                ; 8 LEs                  ; Yes        ; |serial_encoder|calc_y:block_calc_y0|flipFlopD:Block1_flipFlopD|Q ;
+--------------------+-----------+---------------+----------------------+------------------------+------------+-------------------------------------------------------------------+


+--------------------------------------------------------------------------------------------+
; Parameter Settings for User Entity Instance: control_unit:block_control_unit|ROM:Block_ROM ;
+----------------+-------+-------------------------------------------------------------------+
; Parameter Name ; Value ; Type                                                              ;
+----------------+-------+-------------------------------------------------------------------+
; addrSize       ; 4     ; Signed Integer                                                    ;
; dataSize       ; 10    ; Signed Integer                                                    ;
+----------------+-------+-------------------------------------------------------------------+
Note: In order to hide this table in the UI and the text report file, please set the "Show Parameter Settings in Synthesis Report" option in "Analysis and Synthesis Settings -> More Settings" to "Off".


+-------------------------------------------------+
; Port Connectivity Checks: "flipFlopD:block_ffD" ;
+------+-------+----------+-----------------------+
; Port ; Type  ; Severity ; Details               ;
+------+-------+----------+-----------------------+
; nrst ; Input ; Info     ; Stuck at GND          ;
; en   ; Input ; Info     ; Stuck at VCC          ;
+------+-------+----------+-----------------------+


+-----------------------------------------------------+
; Post-Synthesis Netlist Statistics for Top Partition ;
+-----------------------+-----------------------------+
; Type                  ; Count                       ;
+-----------------------+-----------------------------+
; boundary_port         ; 11                          ;
; cycloneiii_ff         ; 12                          ;
;     plain             ; 12                          ;
; cycloneiii_lcell_comb ; 28                          ;
;     normal            ; 28                          ;
;         3 data inputs ; 3                           ;
;         4 data inputs ; 25                          ;
;                       ;                             ;
; Max LUT depth         ; 2.00                        ;
; Average LUT depth     ; 1.47                        ;
+-----------------------+-----------------------------+


+-------------------------------+
; Elapsed Time Per Partition    ;
+----------------+--------------+
; Partition Name ; Elapsed Time ;
+----------------+--------------+
; Top            ; 00:00:00     ;
+----------------+--------------+


+-------------------------------+
; Analysis & Synthesis Messages ;
+-------------------------------+
Info: *******************************************************************
Info: Running Quartus Prime Analysis & Synthesis
    Info: Version 20.1.1 Build 720 11/11/2020 SJ Lite Edition
    Info: Processing started: Wed Nov 16 10:10:48 2022
Info: Command: quartus_map --read_settings_files=on --write_settings_files=off COD-serial -c COD-serial
Warning (18236): Number of processors has not been specified which may cause overloading on shared machines.  Set the global assignment NUM_PARALLEL_PROCESSORS in your QSF to an appropriate value for best performance.
Info (20030): Parallel compilation is enabled and will use 4 of the 4 processors detected
Info (12021): Found 2 design units, including 1 entities, in source file parallel_encoder.vhd
    Info (12022): Found design unit 1: parallel_encoder-structure File: C:/Users/bruno/Desktop/AAD/HAD_T1G6/COD/parallel_encoder.vhd Line: 9
    Info (12023): Found entity 1: parallel_encoder File: C:/Users/bruno/Desktop/AAD/HAD_T1G6/COD/parallel_encoder.vhd Line: 4
Info (12021): Found 2 design units, including 1 entities, in source file xor_1bit.vhd
    Info (12022): Found design unit 1: xor_1bit-Behavioral File: C:/Users/bruno/Desktop/AAD/HAD_T1G6/COD/xor_1bit.vhd Line: 10
    Info (12023): Found entity 1: xor_1bit File: C:/Users/bruno/Desktop/AAD/HAD_T1G6/COD/xor_1bit.vhd Line: 4
Info (12021): Found 2 design units, including 1 entities, in source file serial_encoder.vhd
    Info (12022): Found design unit 1: serial_encoder-structure File: C:/Users/bruno/Desktop/AAD/HAD_T1G6/COD/serial_encoder.vhd Line: 15
    Info (12023): Found entity 1: serial_encoder File: C:/Users/bruno/Desktop/AAD/HAD_T1G6/COD/serial_encoder.vhd Line: 6
Info (12021): Found 2 design units, including 1 entities, in source file rom.vhd
    Info (12022): Found design unit 1: ROM-Behavioral File: C:/Users/bruno/Desktop/AAD/HAD_T1G6/COD/ROM.vhd Line: 12
    Info (12023): Found entity 1: ROM File: C:/Users/bruno/Desktop/AAD/HAD_T1G6/COD/ROM.vhd Line: 5
Info (12021): Found 2 design units, including 1 entities, in source file flipflopd.vhd
    Info (12022): Found design unit 1: flipFlopD-behavior File: C:/Users/bruno/Desktop/AAD/HAD_T1G6/COD/flipFlopD.vhd Line: 9
    Info (12023): Found entity 1: flipFlopD File: C:/Users/bruno/Desktop/AAD/HAD_T1G6/COD/flipFlopD.vhd Line: 4
Info (12021): Found 2 design units, including 1 entities, in source file counter_3bit.vhd
    Info (12022): Found design unit 1: counter_3bit-Behavioral File: C:/Users/bruno/Desktop/AAD/HAD_T1G6/COD/counter_3bit.vhd Line: 11
    Info (12023): Found entity 1: counter_3bit File: C:/Users/bruno/Desktop/AAD/HAD_T1G6/COD/counter_3bit.vhd Line: 5
Info (12021): Found 2 design units, including 1 entities, in source file control_unit.vhd
    Info (12022): Found design unit 1: control_unit-structure File: C:/Users/bruno/Desktop/AAD/HAD_T1G6/COD/control_unit.vhd Line: 12
    Info (12023): Found entity 1: control_unit File: C:/Users/bruno/Desktop/AAD/HAD_T1G6/COD/control_unit.vhd Line: 4
Info (12021): Found 2 design units, including 1 entities, in source file calc_y.vhd
    Info (12022): Found design unit 1: calc_y-structure File: C:/Users/bruno/Desktop/AAD/HAD_T1G6/COD/calc_y.vhd Line: 15
    Info (12023): Found entity 1: calc_y File: C:/Users/bruno/Desktop/AAD/HAD_T1G6/COD/calc_y.vhd Line: 4
Info (12021): Found 2 design units, including 1 entities, in source file and_1bit.vhd
    Info (12022): Found design unit 1: and_1bit-Behavioral File: C:/Users/bruno/Desktop/AAD/HAD_T1G6/COD/and_1bit.vhd Line: 10
    Info (12023): Found entity 1: and_1bit File: C:/Users/bruno/Desktop/AAD/HAD_T1G6/COD/and_1bit.vhd Line: 4
Info (12127): Elaborating entity "serial_encoder" for the top level hierarchy
Info (12128): Elaborating entity "control_unit" for hierarchy "control_unit:block_control_unit" File: C:/Users/bruno/Desktop/AAD/HAD_T1G6/COD/serial_encoder.vhd Line: 50
Info (12128): Elaborating entity "counter_3bit" for hierarchy "control_unit:block_control_unit|counter_3bit:Block_Counter" File: C:/Users/bruno/Desktop/AAD/HAD_T1G6/COD/control_unit.vhd Line: 30
Info (12128): Elaborating entity "ROM" for hierarchy "control_unit:block_control_unit|ROM:Block_ROM" File: C:/Users/bruno/Desktop/AAD/HAD_T1G6/COD/control_unit.vhd Line: 31
Info (12128): Elaborating entity "flipFlopD" for hierarchy "flipFlopD:block_ffD" File: C:/Users/bruno/Desktop/AAD/HAD_T1G6/COD/serial_encoder.vhd Line: 54
Info (12128): Elaborating entity "calc_y" for hierarchy "calc_y:block_calc_y0" File: C:/Users/bruno/Desktop/AAD/HAD_T1G6/COD/serial_encoder.vhd Line: 55
Info (12128): Elaborating entity "and_1bit" for hierarchy "calc_y:block_calc_y0|and_1bit:mi_and_kx" File: C:/Users/bruno/Desktop/AAD/HAD_T1G6/COD/calc_y.vhd Line: 49
Info (12128): Elaborating entity "xor_1bit" for hierarchy "calc_y:block_calc_y0|xor_1bit:outand_XOR_outFlipFlop" File: C:/Users/bruno/Desktop/AAD/HAD_T1G6/COD/calc_y.vhd Line: 50
Info (286030): Timing-Driven Synthesis is running
Info (16010): Generating hard_block partition "hard_block:auto_generated_inst"
    Info (16011): Adding 0 node(s), including 0 DDIO, 0 PLL, 0 transceiver and 0 LCELL
Info (21057): Implemented 40 device resources after synthesis - the final resource count might be different
    Info (21058): Implemented 3 input pins
    Info (21059): Implemented 8 output pins
    Info (21061): Implemented 29 logic cells
Info: Quartus Prime Analysis & Synthesis was successful. 0 errors, 1 warning
    Info: Peak virtual memory: 4850 megabytes
    Info: Processing ended: Wed Nov 16 10:10:58 2022
    Info: Elapsed time: 00:00:10
    Info: Total CPU time (on all processors): 00:00:23


