Analysis & Synthesis report for ProcessadorCompleto
Sat May 30 19:33:56 2020
Quartus Prime Version 17.1.0 Build 590 10/25/2017 SJ Lite Edition


---------------------
; Table of Contents ;
---------------------
  1. Legal Notice
  2. Analysis & Synthesis Summary
  3. Analysis & Synthesis Settings
  4. Parallel Compilation
  5. Analysis & Synthesis Source Files Read
  6. Analysis & Synthesis Resource Usage Summary
  7. Analysis & Synthesis Resource Utilization by Entity
  8. State Machine - |ProcessadorCompleto|ControlUnit:F_ControlUnit|next_state
  9. State Machine - |ProcessadorCompleto|ControlUnit:F_ControlUnit|state
 10. Registers Removed During Synthesis
 11. Removed Registers Triggering Further Register Optimizations
 12. General Register Statistics
 13. Multiplexer Restructuring Statistics (Restructuring Performed)
 14. Parameter Settings for User Entity Instance: Datapath:F_datapath|PC:T_PC
 15. Parameter Settings for User Entity Instance: Datapath:F_datapath|IMemory:T_IMemory
 16. Parameter Settings for User Entity Instance: Datapath:F_datapath|pMux2_1:MUX_RegDsT
 17. Parameter Settings for User Entity Instance: Datapath:F_datapath|pMux2_1:MUX_ALUSrc
 18. Parameter Settings for User Entity Instance: Datapath:F_datapath|pMux2_1:MUX_MemtoReg
 19. Post-Synthesis Netlist Statistics for Top Partition
 20. Elapsed Time Per Partition
 21. Analysis & Synthesis Messages



----------------
; Legal Notice ;
----------------
Copyright (C) 2017  Intel Corporation. All rights reserved.
Your use of Intel Corporation's design tools, logic functions 
and other software and tools, and its AMPP partner logic 
functions, and any output files from any of the foregoing 
(including device programming or simulation files), and any 
associated documentation or information are expressly subject 
to the terms and conditions of the Intel Program License 
Subscription Agreement, the Intel Quartus Prime License Agreement,
the Intel FPGA IP License Agreement, or other applicable license
agreement, including, without limitation, that your use is for
the sole purpose of programming logic devices manufactured by
Intel and sold by Intel or its authorized distributors.  Please
refer to the applicable agreement for further details.



+----------------------------------------------------------------------------------+
; Analysis & Synthesis Summary                                                     ;
+------------------------------------+---------------------------------------------+
; Analysis & Synthesis Status        ; Successful - Sat May 30 19:33:56 2020       ;
; Quartus Prime Version              ; 17.1.0 Build 590 10/25/2017 SJ Lite Edition ;
; Revision Name                      ; ProcessadorCompleto                         ;
; Top-level Entity Name              ; ProcessadorCompleto                         ;
; Family                             ; Cyclone IV E                                ;
; Total logic elements               ; 0                                           ;
;     Total combinational functions  ; 0                                           ;
;     Dedicated logic registers      ; 0                                           ;
; Total registers                    ; 0                                           ;
; Total pins                         ; 2                                           ;
; Total virtual pins                 ; 0                                           ;
; Total memory bits                  ; 0                                           ;
; Embedded Multiplier 9-bit elements ; 0                                           ;
; Total PLLs                         ; 0                                           ;
+------------------------------------+---------------------------------------------+


+------------------------------------------------------------------------------------------------------------------------+
; Analysis & Synthesis Settings                                                                                          ;
+----------------------------------------------------------------------------+---------------------+---------------------+
; Option                                                                     ; Setting             ; Default Value       ;
+----------------------------------------------------------------------------+---------------------+---------------------+
; Device                                                                     ; EP4CE115F29C7       ;                     ;
; Top-level entity name                                                      ; ProcessadorCompleto ; ProcessadorCompleto ;
; Family name                                                                ; Cyclone IV E        ; Cyclone V           ;
; Use smart compilation                                                      ; Off                 ; Off                 ;
; Enable parallel Assembler and TimeQuest Timing Analyzer during compilation ; On                  ; On                  ;
; Enable compact report table                                                ; Off                 ; Off                 ;
; Restructure Multiplexers                                                   ; Auto                ; Auto                ;
; Create Debugging Nodes for IP Cores                                        ; Off                 ; Off                 ;
; Preserve fewer node names                                                  ; On                  ; On                  ;
; Intel FPGA IP Evaluation Mode                                              ; Enable              ; Enable              ;
; Verilog Version                                                            ; Verilog_2001        ; Verilog_2001        ;
; VHDL Version                                                               ; VHDL_1993           ; VHDL_1993           ;
; State Machine Processing                                                   ; Auto                ; Auto                ;
; Safe State Machine                                                         ; Off                 ; Off                 ;
; Extract Verilog State Machines                                             ; On                  ; On                  ;
; Extract VHDL State Machines                                                ; On                  ; On                  ;
; Ignore Verilog initial constructs                                          ; Off                 ; Off                 ;
; Iteration limit for constant Verilog loops                                 ; 5000                ; 5000                ;
; Iteration limit for non-constant Verilog loops                             ; 250                 ; 250                 ;
; Add Pass-Through Logic to Inferred RAMs                                    ; On                  ; On                  ;
; Infer RAMs from Raw Logic                                                  ; On                  ; On                  ;
; Parallel Synthesis                                                         ; On                  ; On                  ;
; DSP Block Balancing                                                        ; Auto                ; Auto                ;
; NOT Gate Push-Back                                                         ; On                  ; On                  ;
; Power-Up Don't Care                                                        ; On                  ; On                  ;
; Remove Redundant Logic Cells                                               ; Off                 ; Off                 ;
; Remove Duplicate Registers                                                 ; On                  ; On                  ;
; Ignore CARRY Buffers                                                       ; Off                 ; Off                 ;
; Ignore CASCADE Buffers                                                     ; Off                 ; Off                 ;
; Ignore GLOBAL Buffers                                                      ; Off                 ; Off                 ;
; Ignore ROW GLOBAL Buffers                                                  ; Off                 ; Off                 ;
; Ignore LCELL Buffers                                                       ; Off                 ; Off                 ;
; Ignore SOFT Buffers                                                        ; On                  ; On                  ;
; Limit AHDL Integers to 32 Bits                                             ; Off                 ; Off                 ;
; Optimization Technique                                                     ; Balanced            ; Balanced            ;
; Carry Chain Length                                                         ; 70                  ; 70                  ;
; Auto Carry Chains                                                          ; On                  ; On                  ;
; Auto Open-Drain Pins                                                       ; On                  ; On                  ;
; Perform WYSIWYG Primitive Resynthesis                                      ; Off                 ; Off                 ;
; Auto ROM Replacement                                                       ; On                  ; On                  ;
; Auto RAM Replacement                                                       ; On                  ; On                  ;
; Auto DSP Block Replacement                                                 ; On                  ; On                  ;
; Auto Shift Register Replacement                                            ; Auto                ; Auto                ;
; Allow Shift Register Merging across Hierarchies                            ; Auto                ; Auto                ;
; Auto Clock Enable Replacement                                              ; On                  ; On                  ;
; Strict RAM Replacement                                                     ; Off                 ; Off                 ;
; Allow Synchronous Control Signals                                          ; On                  ; On                  ;
; Force Use of Synchronous Clear Signals                                     ; Off                 ; Off                 ;
; Auto RAM Block Balancing                                                   ; On                  ; On                  ;
; Auto RAM to Logic Cell Conversion                                          ; Off                 ; Off                 ;
; Auto Resource Sharing                                                      ; Off                 ; Off                 ;
; Allow Any RAM Size For Recognition                                         ; Off                 ; Off                 ;
; Allow Any ROM Size For Recognition                                         ; Off                 ; Off                 ;
; Allow Any Shift Register Size For Recognition                              ; Off                 ; Off                 ;
; Use LogicLock Constraints during Resource Balancing                        ; On                  ; On                  ;
; Ignore translate_off and synthesis_off directives                          ; Off                 ; Off                 ;
; Timing-Driven Synthesis                                                    ; On                  ; On                  ;
; Report Parameter Settings                                                  ; On                  ; On                  ;
; Report Source Assignments                                                  ; On                  ; On                  ;
; Report Connectivity Checks                                                 ; On                  ; On                  ;
; Ignore Maximum Fan-Out Assignments                                         ; Off                 ; Off                 ;
; Synchronization Register Chain Length                                      ; 2                   ; 2                   ;
; Power Optimization During Synthesis                                        ; Normal compilation  ; Normal compilation  ;
; HDL message level                                                          ; Level2              ; Level2              ;
; Suppress Register Optimization Related Messages                            ; Off                 ; Off                 ;
; Number of Removed Registers Reported in Synthesis Report                   ; 5000                ; 5000                ;
; Number of Swept Nodes Reported in Synthesis Report                         ; 5000                ; 5000                ;
; Number of Inverted Registers Reported in Synthesis Report                  ; 100                 ; 100                 ;
; Clock MUX Protection                                                       ; On                  ; On                  ;
; Auto Gated Clock Conversion                                                ; Off                 ; Off                 ;
; Block Design Naming                                                        ; Auto                ; Auto                ;
; SDC constraint protection                                                  ; Off                 ; Off                 ;
; Synthesis Effort                                                           ; Auto                ; Auto                ;
; Shift Register Replacement - Allow Asynchronous Clear Signal               ; On                  ; On                  ;
; Pre-Mapping Resynthesis Optimization                                       ; Off                 ; Off                 ;
; Analysis & Synthesis Message Level                                         ; Medium              ; Medium              ;
; Disable Register Merging Across Hierarchies                                ; Auto                ; Auto                ;
; Resource Aware Inference For Block RAM                                     ; On                  ; On                  ;
+----------------------------------------------------------------------------+---------------------+---------------------+


+------------------------------------------+
; Parallel Compilation                     ;
+----------------------------+-------------+
; Processors                 ; Number      ;
+----------------------------+-------------+
; Number detected on machine ; 8           ;
; Maximum allowed            ; 4           ;
;                            ;             ;
; Average used               ; 1.00        ;
; Maximum used               ; 1           ;
;                            ;             ;
; Usage by Processor         ; % Time Used ;
;     Processor 1            ; 100.0%      ;
+----------------------------+-------------+


+------------------------------------------------------------------------------------------------------------------------------------------+
; Analysis & Synthesis Source Files Read                                                                                                   ;
+----------------------------------+-----------------+-----------------+---------------------------------------------------------+---------+
; File Name with User-Entered Path ; Used in Netlist ; File Type       ; File Name with Absolute Path                            ; Library ;
+----------------------------------+-----------------+-----------------+---------------------------------------------------------+---------+
; ControlUnit.vhd                  ; yes             ; User VHDL File  ; C:/Uni/Projeto_LSD/Final3 FINAL/ControlUnit.vhd         ;         ;
; pMux2_1.vhd                      ; yes             ; User VHDL File  ; C:/Uni/Projeto_LSD/Final3 FINAL/pMux2_1.vhd             ;         ;
; PC.vhd                           ; yes             ; User VHDL File  ; C:/Uni/Projeto_LSD/Final3 FINAL/PC.vhd                  ;         ;
; SignExtend.vhd                   ; yes             ; User VHDL File  ; C:/Uni/Projeto_LSD/Final3 FINAL/SignExtend.vhd          ;         ;
; IMemory.vhd                      ; yes             ; User VHDL File  ; C:/Uni/Projeto_LSD/Final3 FINAL/IMemory.vhd             ;         ;
; DMemory.vhd                      ; yes             ; User VHDL File  ; C:/Uni/Projeto_LSD/Final3 FINAL/DMemory.vhd             ;         ;
; Registers.vhd                    ; yes             ; User VHDL File  ; C:/Uni/Projeto_LSD/Final3 FINAL/Registers.vhd           ;         ;
; ALU.vhd                          ; yes             ; User VHDL File  ; C:/Uni/Projeto_LSD/Final3 FINAL/ALU.vhd                 ;         ;
; Datapath.vhd                     ; yes             ; User VHDL File  ; C:/Uni/Projeto_LSD/Final3 FINAL/Datapath.vhd            ;         ;
; ProcessadorCompleto.vhd          ; yes             ; User VHDL File  ; C:/Uni/Projeto_LSD/Final3 FINAL/ProcessadorCompleto.vhd ;         ;
+----------------------------------+-----------------+-----------------+---------------------------------------------------------+---------+


+-----------------------------------------------------+
; Analysis & Synthesis Resource Usage Summary         ;
+---------------------------------------------+-------+
; Resource                                    ; Usage ;
+---------------------------------------------+-------+
;                                             ;       ;
; Total combinational functions               ; 0     ;
; Logic element usage by number of LUT inputs ;       ;
;     -- 4 input functions                    ; 0     ;
;     -- 3 input functions                    ; 0     ;
;     -- <=2 input functions                  ; 0     ;
;                                             ;       ;
; Logic elements by mode                      ;       ;
;     -- normal mode                          ; 0     ;
;     -- arithmetic mode                      ; 0     ;
;                                             ;       ;
; Total registers                             ; 0     ;
;     -- Dedicated logic registers            ; 0     ;
;     -- I/O registers                        ; 0     ;
;                                             ;       ;
; I/O pins                                    ; 2     ;
;                                             ;       ;
; Embedded Multiplier 9-bit elements          ; 0     ;
;                                             ;       ;
; Maximum fan-out node                        ; clk   ;
; Maximum fan-out                             ; 1     ;
; Total fan-out                               ; 2     ;
; Average fan-out                             ; 0.50  ;
+---------------------------------------------+-------+


+-------------------------------------------------------------------------------------------------------------------------------------------------------------------------------------------------------------------+
; Analysis & Synthesis Resource Utilization by Entity                                                                                                                                                               ;
+----------------------------+---------------------+---------------------------+-------------+--------------+---------+-----------+------+--------------+----------------------+---------------------+--------------+
; Compilation Hierarchy Node ; Combinational ALUTs ; Dedicated Logic Registers ; Memory Bits ; DSP Elements ; DSP 9x9 ; DSP 18x18 ; Pins ; Virtual Pins ; Full Hierarchy Name  ; Entity Name         ; Library Name ;
+----------------------------+---------------------+---------------------------+-------------+--------------+---------+-----------+------+--------------+----------------------+---------------------+--------------+
; |ProcessadorCompleto       ; 0 (0)               ; 0 (0)                     ; 0           ; 0            ; 0       ; 0         ; 2    ; 0            ; |ProcessadorCompleto ; ProcessadorCompleto ; work         ;
+----------------------------+---------------------+---------------------------+-------------+--------------+---------+-----------+------+--------------+----------------------+---------------------+--------------+
Note: For table entries with two numbers listed, the numbers in parentheses indicate the number of resources of the given type used by the specific entity alone. The numbers listed outside of parentheses indicate the total resources of the given type used by the specific entity and all of its sub-entities in the hierarchy.


Encoding Type:  One-Hot
+--------------------------------------------------------------------------------------------------------------------------------------------------------------------------+
; State Machine - |ProcessadorCompleto|ControlUnit:F_ControlUnit|next_state                                                                                                ;
+-----------------------+----------------------+-----------------------+--------------------+-------------------+-------------------+-------------------+------------------+
; Name                  ; next_state.WRITE_MEM ; next_state.REG_UPDATE ; next_state.EXECUTE ; next_state.DECODE ; next_state.FETCH1 ; next_state.FETCH0 ; next_state.RESET ;
+-----------------------+----------------------+-----------------------+--------------------+-------------------+-------------------+-------------------+------------------+
; next_state.RESET      ; 0                    ; 0                     ; 0                  ; 0                 ; 0                 ; 0                 ; 0                ;
; next_state.FETCH0     ; 0                    ; 0                     ; 0                  ; 0                 ; 0                 ; 1                 ; 1                ;
; next_state.FETCH1     ; 0                    ; 0                     ; 0                  ; 0                 ; 1                 ; 0                 ; 1                ;
; next_state.DECODE     ; 0                    ; 0                     ; 0                  ; 1                 ; 0                 ; 0                 ; 1                ;
; next_state.EXECUTE    ; 0                    ; 0                     ; 1                  ; 0                 ; 0                 ; 0                 ; 1                ;
; next_state.REG_UPDATE ; 0                    ; 1                     ; 0                  ; 0                 ; 0                 ; 0                 ; 1                ;
; next_state.WRITE_MEM  ; 1                    ; 0                     ; 0                  ; 0                 ; 0                 ; 0                 ; 1                ;
+-----------------------+----------------------+-----------------------+--------------------+-------------------+-------------------+-------------------+------------------+


Encoding Type:  One-Hot
+----------------------------------------------------------------------------------------------------------------------------------+
; State Machine - |ProcessadorCompleto|ControlUnit:F_ControlUnit|state                                                             ;
+------------------+-----------------+------------------+---------------+--------------+--------------+--------------+-------------+
; Name             ; state.WRITE_MEM ; state.REG_UPDATE ; state.EXECUTE ; state.DECODE ; state.FETCH1 ; state.FETCH0 ; state.RESET ;
+------------------+-----------------+------------------+---------------+--------------+--------------+--------------+-------------+
; state.RESET      ; 0               ; 0                ; 0             ; 0            ; 0            ; 0            ; 0           ;
; state.FETCH0     ; 0               ; 0                ; 0             ; 0            ; 0            ; 1            ; 1           ;
; state.FETCH1     ; 0               ; 0                ; 0             ; 0            ; 1            ; 0            ; 1           ;
; state.DECODE     ; 0               ; 0                ; 0             ; 1            ; 0            ; 0            ; 1           ;
; state.EXECUTE    ; 0               ; 0                ; 1             ; 0            ; 0            ; 0            ; 1           ;
; state.REG_UPDATE ; 0               ; 1                ; 0             ; 0            ; 0            ; 0            ; 1           ;
; state.WRITE_MEM  ; 1               ; 0                ; 0             ; 0            ; 0            ; 0            ; 1           ;
+------------------+-----------------+------------------+---------------+--------------+--------------+--------------+-------------+


+------------------------------------------------------------------------------------------------------------+
; Registers Removed During Synthesis                                                                         ;
+-------------------------------------------------+----------------------------------------------------------+
; Register name                                   ; Reason for Removal                                       ;
+-------------------------------------------------+----------------------------------------------------------+
; Datapath:F_datapath|IMemory:T_IMemory|RD[15]    ; Merged with Datapath:F_datapath|IMemory:T_IMemory|RD[14] ;
; Datapath:F_datapath|IMemory:T_IMemory|RD[13,14] ; Lost fanout                                              ;
; Datapath:F_datapath|PC:T_PC|cntValue[2]         ; Lost fanout                                              ;
; ControlUnit:F_ControlUnit|RI                    ; Lost fanout                                              ;
; Datapath:F_datapath|PC:T_PC|cntValue[1]         ; Lost fanout                                              ;
; ControlUnit:F_ControlUnit|EnPc                  ; Lost fanout                                              ;
; Datapath:F_datapath|PC:T_PC|cntValue[0]         ; Lost fanout                                              ;
; ControlUnit:F_ControlUnit|next_state.RESET      ; Lost fanout                                              ;
; ControlUnit:F_ControlUnit|next_state.FETCH0     ; Lost fanout                                              ;
; ControlUnit:F_ControlUnit|next_state.FETCH1     ; Lost fanout                                              ;
; ControlUnit:F_ControlUnit|next_state.DECODE     ; Lost fanout                                              ;
; ControlUnit:F_ControlUnit|next_state.EXECUTE    ; Lost fanout                                              ;
; ControlUnit:F_ControlUnit|next_state.REG_UPDATE ; Lost fanout                                              ;
; ControlUnit:F_ControlUnit|next_state.WRITE_MEM  ; Lost fanout                                              ;
; ControlUnit:F_ControlUnit|state.RESET           ; Lost fanout                                              ;
; ControlUnit:F_ControlUnit|state.FETCH0          ; Lost fanout                                              ;
; ControlUnit:F_ControlUnit|state.FETCH1          ; Lost fanout                                              ;
; ControlUnit:F_ControlUnit|state.DECODE          ; Lost fanout                                              ;
; ControlUnit:F_ControlUnit|state.EXECUTE         ; Lost fanout                                              ;
; ControlUnit:F_ControlUnit|state.REG_UPDATE      ; Lost fanout                                              ;
; ControlUnit:F_ControlUnit|state.WRITE_MEM       ; Lost fanout                                              ;
; Total Number of Removed Registers = 22          ;                                                          ;
+-------------------------------------------------+----------------------------------------------------------+


+------------------------------------------------------------------------------------------------------------------------------------------------------+
; Removed Registers Triggering Further Register Optimizations                                                                                          ;
+----------------------------------------------+--------------------+----------------------------------------------------------------------------------+
; Register name                                ; Reason for Removal ; Registers Removed due to This Register                                           ;
+----------------------------------------------+--------------------+----------------------------------------------------------------------------------+
; Datapath:F_datapath|IMemory:T_IMemory|RD[13] ; Lost Fanouts       ; Datapath:F_datapath|PC:T_PC|cntValue[2], ControlUnit:F_ControlUnit|RI,           ;
;                                              ;                    ; ControlUnit:F_ControlUnit|EnPc, Datapath:F_datapath|PC:T_PC|cntValue[0],         ;
;                                              ;                    ; ControlUnit:F_ControlUnit|state.RESET, ControlUnit:F_ControlUnit|state.FETCH0,   ;
;                                              ;                    ; ControlUnit:F_ControlUnit|state.FETCH1, ControlUnit:F_ControlUnit|state.EXECUTE, ;
;                                              ;                    ; ControlUnit:F_ControlUnit|state.REG_UPDATE,                                      ;
;                                              ;                    ; ControlUnit:F_ControlUnit|state.WRITE_MEM                                        ;
; Datapath:F_datapath|IMemory:T_IMemory|RD[14] ; Lost Fanouts       ; Datapath:F_datapath|PC:T_PC|cntValue[1]                                          ;
+----------------------------------------------+--------------------+----------------------------------------------------------------------------------+


+------------------------------------------------------+
; General Register Statistics                          ;
+----------------------------------------------+-------+
; Statistic                                    ; Value ;
+----------------------------------------------+-------+
; Total registers                              ; 0     ;
; Number of registers using Synchronous Clear  ; 0     ;
; Number of registers using Synchronous Load   ; 0     ;
; Number of registers using Asynchronous Clear ; 0     ;
; Number of registers using Asynchronous Load  ; 0     ;
; Number of registers using Clock Enable       ; 0     ;
; Number of registers using Preset             ; 0     ;
+----------------------------------------------+-------+


+----------------------------------------------------------------------------------------------------------------------------------------------------------------------------+
; Multiplexer Restructuring Statistics (Restructuring Performed)                                                                                                             ;
+--------------------+-----------+---------------+----------------------+------------------------+------------+--------------------------------------------------------------+
; Multiplexer Inputs ; Bus Width ; Baseline Area ; Area if Restructured ; Saving if Restructured ; Registered ; Example Multiplexer Output                                   ;
+--------------------+-----------+---------------+----------------------+------------------------+------------+--------------------------------------------------------------+
; 3:1                ; 3 bits    ; 6 LEs         ; 3 LEs                ; 3 LEs                  ; Yes        ; |ProcessadorCompleto|Datapath:F_datapath|PC:T_PC|cntValue[2] ;
+--------------------+-----------+---------------+----------------------+------------------------+------------+--------------------------------------------------------------+


+--------------------------------------------------------------------------+
; Parameter Settings for User Entity Instance: Datapath:F_datapath|PC:T_PC ;
+----------------+-------+-------------------------------------------------+
; Parameter Name ; Value ; Type                                            ;
+----------------+-------+-------------------------------------------------+
; n              ; 3     ; Signed Integer                                  ;
+----------------+-------+-------------------------------------------------+
Note: In order to hide this table in the UI and the text report file, please set the "Show Parameter Settings in Synthesis Report" option in "Analysis and Synthesis Settings -> More Settings" to "Off".


+------------------------------------------------------------------------------------+
; Parameter Settings for User Entity Instance: Datapath:F_datapath|IMemory:T_IMemory ;
+----------------+-------+-----------------------------------------------------------+
; Parameter Name ; Value ; Type                                                      ;
+----------------+-------+-----------------------------------------------------------+
; n              ; 3     ; Signed Integer                                            ;
+----------------+-------+-----------------------------------------------------------+
Note: In order to hide this table in the UI and the text report file, please set the "Show Parameter Settings in Synthesis Report" option in "Analysis and Synthesis Settings -> More Settings" to "Off".


+-------------------------------------------------------------------------------------+
; Parameter Settings for User Entity Instance: Datapath:F_datapath|pMux2_1:MUX_RegDsT ;
+----------------+-------+------------------------------------------------------------+
; Parameter Name ; Value ; Type                                                       ;
+----------------+-------+------------------------------------------------------------+
; n              ; 3     ; Signed Integer                                             ;
+----------------+-------+------------------------------------------------------------+
Note: In order to hide this table in the UI and the text report file, please set the "Show Parameter Settings in Synthesis Report" option in "Analysis and Synthesis Settings -> More Settings" to "Off".


+-------------------------------------------------------------------------------------+
; Parameter Settings for User Entity Instance: Datapath:F_datapath|pMux2_1:MUX_ALUSrc ;
+----------------+-------+------------------------------------------------------------+
; Parameter Name ; Value ; Type                                                       ;
+----------------+-------+------------------------------------------------------------+
; n              ; 8     ; Signed Integer                                             ;
+----------------+-------+------------------------------------------------------------+
Note: In order to hide this table in the UI and the text report file, please set the "Show Parameter Settings in Synthesis Report" option in "Analysis and Synthesis Settings -> More Settings" to "Off".


+---------------------------------------------------------------------------------------+
; Parameter Settings for User Entity Instance: Datapath:F_datapath|pMux2_1:MUX_MemtoReg ;
+----------------+-------+--------------------------------------------------------------+
; Parameter Name ; Value ; Type                                                         ;
+----------------+-------+--------------------------------------------------------------+
; n              ; 8     ; Signed Integer                                               ;
+----------------+-------+--------------------------------------------------------------+
Note: In order to hide this table in the UI and the text report file, please set the "Show Parameter Settings in Synthesis Report" option in "Analysis and Synthesis Settings -> More Settings" to "Off".


+-----------------------------------------------------+
; Post-Synthesis Netlist Statistics for Top Partition ;
+-------------------+---------------------------------+
; Type              ; Count                           ;
+-------------------+---------------------------------+
; boundary_port     ; 2                               ;
;                   ;                                 ;
; Max LUT depth     ; 0.00                            ;
; Average LUT depth ; 0.00                            ;
+-------------------+---------------------------------+


+-------------------------------+
; Elapsed Time Per Partition    ;
+----------------+--------------+
; Partition Name ; Elapsed Time ;
+----------------+--------------+
; Top            ; 00:00:00     ;
+----------------+--------------+


+-------------------------------+
; Analysis & Synthesis Messages ;
+-------------------------------+
Info: *******************************************************************
Info: Running Quartus Prime Analysis & Synthesis
    Info: Version 17.1.0 Build 590 10/25/2017 SJ Lite Edition
    Info: Processing started: Sat May 30 19:33:45 2020
Info: Command: quartus_map --read_settings_files=on --write_settings_files=off ProcessadorCompleto -c ProcessadorCompleto
Warning (18236): Number of processors has not been specified which may cause overloading on shared machines.  Set the global assignment NUM_PARALLEL_PROCESSORS in your QSF to an appropriate value for best performance.
Info (20030): Parallel compilation is enabled and will use 4 of the 4 processors detected
Info (12021): Found 2 design units, including 1 entities, in source file controlunit.vhd
    Info (12022): Found design unit 1: ControlUnit-Behavioral File: C:/Uni/Projeto_LSD/Final3 FINAL/ControlUnit.vhd Line: 25
    Info (12023): Found entity 1: ControlUnit File: C:/Uni/Projeto_LSD/Final3 FINAL/ControlUnit.vhd Line: 5
Info (12021): Found 2 design units, including 1 entities, in source file pmux2_1.vhd
    Info (12022): Found design unit 1: pMux2_1-Behavioral File: C:/Uni/Projeto_LSD/Final3 FINAL/pMux2_1.vhd Line: 11
    Info (12023): Found entity 1: pMux2_1 File: C:/Uni/Projeto_LSD/Final3 FINAL/pMux2_1.vhd Line: 3
Info (12021): Found 2 design units, including 1 entities, in source file pc.vhd
    Info (12022): Found design unit 1: PC-Behavioral File: C:/Uni/Projeto_LSD/Final3 FINAL/PC.vhd Line: 14
    Info (12023): Found entity 1: PC File: C:/Uni/Projeto_LSD/Final3 FINAL/PC.vhd Line: 5
Info (12021): Found 2 design units, including 1 entities, in source file signextend.vhd
    Info (12022): Found design unit 1: SignExtend-Behavioral File: C:/Uni/Projeto_LSD/Final3 FINAL/SignExtend.vhd Line: 9
    Info (12023): Found entity 1: SignExtend File: C:/Uni/Projeto_LSD/Final3 FINAL/SignExtend.vhd Line: 4
Info (12021): Found 2 design units, including 1 entities, in source file imemory.vhd
    Info (12022): Found design unit 1: IMemory-Behavioral File: C:/Uni/Projeto_LSD/Final3 FINAL/IMemory.vhd Line: 13
    Info (12023): Found entity 1: IMemory File: C:/Uni/Projeto_LSD/Final3 FINAL/IMemory.vhd Line: 5
Info (12021): Found 2 design units, including 1 entities, in source file dmemory.vhd
    Info (12022): Found design unit 1: DMemory-Behavioral File: C:/Uni/Projeto_LSD/Final3 FINAL/DMemory.vhd Line: 14
    Info (12023): Found entity 1: DMemory File: C:/Uni/Projeto_LSD/Final3 FINAL/DMemory.vhd Line: 5
Info (12021): Found 2 design units, including 1 entities, in source file registers.vhd
    Info (12022): Found design unit 1: Registers-Behavioral File: C:/Uni/Projeto_LSD/Final3 FINAL/Registers.vhd Line: 18
    Info (12023): Found entity 1: Registers File: C:/Uni/Projeto_LSD/Final3 FINAL/Registers.vhd Line: 5
Info (12021): Found 2 design units, including 1 entities, in source file alu.vhd
    Info (12022): Found design unit 1: ALU-Behavioral File: C:/Uni/Projeto_LSD/Final3 FINAL/ALU.vhd Line: 14
    Info (12023): Found entity 1: ALU File: C:/Uni/Projeto_LSD/Final3 FINAL/ALU.vhd Line: 5
Info (12021): Found 2 design units, including 1 entities, in source file datapath.vhd
    Info (12022): Found design unit 1: Datapath-Structural File: C:/Uni/Projeto_LSD/Final3 FINAL/Datapath.vhd Line: 22
    Info (12023): Found entity 1: Datapath File: C:/Uni/Projeto_LSD/Final3 FINAL/Datapath.vhd Line: 5
Info (12021): Found 2 design units, including 1 entities, in source file datapath_tb.vhd
    Info (12022): Found design unit 1: Datapath_Tb-Stimulus File: C:/Uni/Projeto_LSD/Final3 FINAL/Datapath_Tb.vhd Line: 6
    Info (12023): Found entity 1: Datapath_Tb File: C:/Uni/Projeto_LSD/Final3 FINAL/Datapath_Tb.vhd Line: 4
Info (12021): Found 2 design units, including 1 entities, in source file processadorcompleto.vhd
    Info (12022): Found design unit 1: ProcessadorCompleto-Structural File: C:/Uni/Projeto_LSD/Final3 FINAL/ProcessadorCompleto.vhd Line: 12
    Info (12023): Found entity 1: ProcessadorCompleto File: C:/Uni/Projeto_LSD/Final3 FINAL/ProcessadorCompleto.vhd Line: 5
Info (12021): Found 2 design units, including 1 entities, in source file processadorcompleto_tb.vhd
    Info (12022): Found design unit 1: ProcessadorCompleto_tb-Stimulus File: C:/Uni/Projeto_LSD/Final3 FINAL/ProcessadorCompleto_tb.vhd Line: 6
    Info (12023): Found entity 1: ProcessadorCompleto_tb File: C:/Uni/Projeto_LSD/Final3 FINAL/ProcessadorCompleto_tb.vhd Line: 4
Info (12127): Elaborating entity "ProcessadorCompleto" for the top level hierarchy
Info (12129): Elaborating entity "Datapath" using architecture "A:structural" for hierarchy "Datapath:F_datapath" File: C:/Uni/Projeto_LSD/Final3 FINAL/ProcessadorCompleto.vhd Line: 27
Info (12129): Elaborating entity "PC" using architecture "A:behavioral" for hierarchy "Datapath:F_datapath|PC:T_PC" File: C:/Uni/Projeto_LSD/Final3 FINAL/Datapath.vhd Line: 44
Info (12129): Elaborating entity "IMemory" using architecture "A:behavioral" for hierarchy "Datapath:F_datapath|IMemory:T_IMemory" File: C:/Uni/Projeto_LSD/Final3 FINAL/Datapath.vhd Line: 55
Info (12129): Elaborating entity "pMux2_1" using architecture "A:behavioral" for hierarchy "Datapath:F_datapath|pMux2_1:MUX_RegDsT" File: C:/Uni/Projeto_LSD/Final3 FINAL/Datapath.vhd Line: 66
Info (10041): Inferred latch for "muxOut[0]" at pMux2_1.vhd(14) File: C:/Uni/Projeto_LSD/Final3 FINAL/pMux2_1.vhd Line: 14
Info (10041): Inferred latch for "muxOut[1]" at pMux2_1.vhd(14) File: C:/Uni/Projeto_LSD/Final3 FINAL/pMux2_1.vhd Line: 14
Info (10041): Inferred latch for "muxOut[2]" at pMux2_1.vhd(14) File: C:/Uni/Projeto_LSD/Final3 FINAL/pMux2_1.vhd Line: 14
Info (12129): Elaborating entity "Registers" using architecture "A:behavioral" for hierarchy "Datapath:F_datapath|Registers:Registers" File: C:/Uni/Projeto_LSD/Final3 FINAL/Datapath.vhd Line: 77
Info (12129): Elaborating entity "SignExtend" using architecture "A:behavioral" for hierarchy "Datapath:F_datapath|SignExtend:SignExtend" File: C:/Uni/Projeto_LSD/Final3 FINAL/Datapath.vhd Line: 92
Info (12129): Elaborating entity "pMux2_1" using architecture "A:behavioral" for hierarchy "Datapath:F_datapath|pMux2_1:MUX_ALUSrc" File: C:/Uni/Projeto_LSD/Final3 FINAL/Datapath.vhd Line: 100
Info (10041): Inferred latch for "muxOut[0]" at pMux2_1.vhd(14) File: C:/Uni/Projeto_LSD/Final3 FINAL/pMux2_1.vhd Line: 14
Info (10041): Inferred latch for "muxOut[1]" at pMux2_1.vhd(14) File: C:/Uni/Projeto_LSD/Final3 FINAL/pMux2_1.vhd Line: 14
Info (10041): Inferred latch for "muxOut[2]" at pMux2_1.vhd(14) File: C:/Uni/Projeto_LSD/Final3 FINAL/pMux2_1.vhd Line: 14
Info (10041): Inferred latch for "muxOut[3]" at pMux2_1.vhd(14) File: C:/Uni/Projeto_LSD/Final3 FINAL/pMux2_1.vhd Line: 14
Info (10041): Inferred latch for "muxOut[4]" at pMux2_1.vhd(14) File: C:/Uni/Projeto_LSD/Final3 FINAL/pMux2_1.vhd Line: 14
Info (10041): Inferred latch for "muxOut[5]" at pMux2_1.vhd(14) File: C:/Uni/Projeto_LSD/Final3 FINAL/pMux2_1.vhd Line: 14
Info (10041): Inferred latch for "muxOut[6]" at pMux2_1.vhd(14) File: C:/Uni/Projeto_LSD/Final3 FINAL/pMux2_1.vhd Line: 14
Info (10041): Inferred latch for "muxOut[7]" at pMux2_1.vhd(14) File: C:/Uni/Projeto_LSD/Final3 FINAL/pMux2_1.vhd Line: 14
Info (12129): Elaborating entity "ALU" using architecture "A:behavioral" for hierarchy "Datapath:F_datapath|ALU:ALU" File: C:/Uni/Projeto_LSD/Final3 FINAL/Datapath.vhd Line: 111
Warning (10492): VHDL Process Statement warning at ALU.vhd(37): signal "mult_unsigned" is read inside the Process Statement but isn't in the Process Statement's sensitivity list File: C:/Uni/Projeto_LSD/Final3 FINAL/ALU.vhd Line: 37
Warning (10492): VHDL Process Statement warning at ALU.vhd(39): signal "mult_signed" is read inside the Process Statement but isn't in the Process Statement's sensitivity list File: C:/Uni/Projeto_LSD/Final3 FINAL/ALU.vhd Line: 39
Info (12129): Elaborating entity "DMemory" using architecture "A:behavioral" for hierarchy "Datapath:F_datapath|DMemory:DMemory" File: C:/Uni/Projeto_LSD/Final3 FINAL/Datapath.vhd Line: 121
Info (12129): Elaborating entity "ControlUnit" using architecture "A:behavioral" for hierarchy "ControlUnit:F_ControlUnit" File: C:/Uni/Projeto_LSD/Final3 FINAL/ProcessadorCompleto.vhd Line: 43
Info (17049): 21 registers lost all their fanouts during netlist optimizations.
Info (16010): Generating hard_block partition "hard_block:auto_generated_inst"
    Info (16011): Adding 0 node(s), including 0 DDIO, 0 PLL, 0 transceiver and 0 LCELL
Warning (21074): Design contains 2 input pin(s) that do not drive logic
    Warning (15610): No output dependent on input pin "clk" File: C:/Uni/Projeto_LSD/Final3 FINAL/ProcessadorCompleto.vhd Line: 7
    Warning (15610): No output dependent on input pin "reset" File: C:/Uni/Projeto_LSD/Final3 FINAL/ProcessadorCompleto.vhd Line: 8
Info (21057): Implemented 2 device resources after synthesis - the final resource count might be different
    Info (21058): Implemented 2 input pins
    Info (21059): Implemented 0 output pins
Info: Quartus Prime Analysis & Synthesis was successful. 0 errors, 6 warnings
    Info: Peak virtual memory: 4777 megabytes
    Info: Processing ended: Sat May 30 19:33:56 2020
    Info: Elapsed time: 00:00:11
    Info: Total CPU time (on all processors): 00:00:25


